<?xml version="1.0" encoding="UTF-8"?>
<testng-results skipped="0" failed="0" ignored="0" total="3" passed="3">
  <reporter-output>
  </reporter-output>
  <suite name="Suite" duration-ms="81320" started-at="2021-06-21T16:15:29Z" finished-at="2021-06-21T16:16:50Z">
    <groups>
    </groups>
    <test name="Test" duration-ms="81320" started-at="2021-06-21T16:15:29Z" finished-at="2021-06-21T16:16:50Z">
      <class name="com.amazon.qa.testcases.LoginPageFunctionalityTest">
        <test-method status="PASS" signature="setUpDriver()[pri:0, instance:com.amazon.qa.testcases.LoginPageFunctionalityTest@16aa0a0a]" name="setUpDriver" is-config="true" duration-ms="18300" started-at="2021-06-21T16:15:29Z" finished-at="2021-06-21T16:15:47Z">
          <reporter-output>
          </reporter-output>
        </test-method> <!-- setUpDriver -->
        <test-method status="PASS" signature="homePageTitlle()[pri:1, instance:com.amazon.qa.testcases.LoginPageFunctionalityTest@16aa0a0a]" name="homePageTitlle" duration-ms="267" started-at="2021-06-21T16:15:47Z" finished-at="2021-06-21T16:15:47Z">
          <reporter-output>
          </reporter-output>
        </test-method> <!-- homePageTitlle -->
        <test-method status="PASS" signature="tearDown(org.testng.ITestResult)[pri:0, instance:com.amazon.qa.testcases.LoginPageFunctionalityTest@16aa0a0a]" name="tearDown" is-config="true" duration-ms="2223" started-at="2021-06-21T16:15:47Z" finished-at="2021-06-21T16:15:50Z">
          <params>
            <param index="0">
              <value>
                <![CDATA[[TestResult name=homePageTitlle status=SUCCESS method=LoginPageFunctionalityTest.homePageTitlle()[pri:1, instance:com.amazon.qa.testcases.LoginPageFunctionalityTest@16aa0a0a] output={null}]]]>
              </value>
            </param>
          </params>
          <reporter-output>
          </reporter-output>
        </test-method> <!-- tearDown -->
        <test-method status="PASS" signature="setUpDriver()[pri:0, instance:com.amazon.qa.testcases.LoginPageFunctionalityTest@16aa0a0a]" name="setUpDriver" is-config="true" duration-ms="12238" started-at="2021-06-21T16:15:50Z" finished-at="2021-06-21T16:16:02Z">
          <reporter-output>
          </reporter-output>
        </test-method> <!-- setUpDriver -->
        <test-method status="PASS" signature="verifySignIn()[pri:2, instance:com.amazon.qa.testcases.LoginPageFunctionalityTest@16aa0a0a]" name="verifySignIn" duration-ms="9819" started-at="2021-06-21T16:16:02Z" finished-at="2021-06-21T16:16:12Z">
          <reporter-output>
          </reporter-output>
        </test-method> <!-- verifySignIn -->
        <test-method status="PASS" signature="tearDown(org.testng.ITestResult)[pri:0, instance:com.amazon.qa.testcases.LoginPageFunctionalityTest@16aa0a0a]" name="tearDown" is-config="true" duration-ms="1042" started-at="2021-06-21T16:16:12Z" finished-at="2021-06-21T16:16:13Z">
          <params>
            <param index="0">
              <value>
                <![CDATA[[TestResult name=verifySignIn status=SUCCESS method=LoginPageFunctionalityTest.verifySignIn()[pri:2, instance:com.amazon.qa.testcases.LoginPageFunctionalityTest@16aa0a0a] output={null}]]]>
              </value>
            </param>
          </params>
          <reporter-output>
          </reporter-output>
        </test-method> <!-- tearDown -->
        <test-method status="PASS" signature="setUpDriver()[pri:0, instance:com.amazon.qa.testcases.LoginPageFunctionalityTest@16aa0a0a]" name="setUpDriver" is-config="true" duration-ms="11723" started-at="2021-06-21T16:16:13Z" finished-at="2021-06-21T16:16:25Z">
          <reporter-output>
          </reporter-output>
        </test-method> <!-- setUpDriver -->
        <test-method status="PASS" signature="selectItem()[pri:3, instance:com.amazon.qa.testcases.LoginPageFunctionalityTest@16aa0a0a]" name="selectItem" duration-ms="24774" started-at="2021-06-21T16:16:25Z" finished-at="2021-06-21T16:16:49Z">
          <reporter-output>
          </reporter-output>
        </test-method> <!-- selectItem -->
        <test-method status="PASS" signature="tearDown(org.testng.ITestResult)[pri:0, instance:com.amazon.qa.testcases.LoginPageFunctionalityTest@16aa0a0a]" name="tearDown" is-config="true" duration-ms="891" started-at="2021-06-21T16:16:49Z" finished-at="2021-06-21T16:16:50Z">
          <params>
            <param index="0">
              <value>
                <![CDATA[[TestResult name=selectItem status=SUCCESS method=LoginPageFunctionalityTest.selectItem()[pri:3, instance:com.amazon.qa.testcases.LoginPageFunctionalityTest@16aa0a0a] output={null}]]]>
              </value>
            </param>
          </params>
          <reporter-output>
          </reporter-output>
        </test-method> <!-- tearDown -->
      </class> <!-- com.amazon.qa.testcases.LoginPageFunctionalityTest -->
    </test> <!-- Test -->
  </suite> <!-- Suite -->
</testng-results>
