<?xml version="1.0" encoding="UTF-8"?>
<testsuite xmlns:xsi="http://www.w3.org/2001/XMLSchema-instance" xsi:noNamespaceSchemaLocation="https://maven.apache.org/surefire/maven-surefire-plugin/xsd/surefire-test-report-3.0.xsd" version="3.0" name="TestSuite" time="31.776" tests="2" errors="0" skipped="0" failures="0">
  <properties>
[...]
</properties>
  <testcase name="homePageTitlle" classname="com.amazon.qa.testcases.LoginPageFunctionalityTest" time="0.137">
    <system-out><![CDATA[ INFO [main] (LoginPageFunctionalityTest.java:30)- Starting Application
 INFO [main] (LoginPageFunctionalityTest.java:37)- Title verified sucessfully
]]></system-out>
    <system-err><![CDATA[Starting ChromeDriver 91.0.4472.19 (1bf021f248676a0b2ab3ee0561d83a59e424c23e-refs/branch-heads/4472@{#288}) on port 8261
Only local connections are allowed.
Please see https://chromedriver.chromium.org/security-considerations for suggestions on keeping ChromeDriver safe.
ChromeDriver was started successfully.
Jun 19, 2021 1:21:35 PM org.openqa.selenium.remote.ProtocolHandshake createSession
INFO: Detected dialect: W3C
]]></system-err>
  </testcase>
  <testcase name="verifySignIn" classname="com.amazon.qa.testcases.LoginPageFunctionalityTest" time="5.303">
    <system-out><![CDATA[ INFO [main] (LoginPageFunctionalityTest.java:30)- Starting Application
 INFO [main] (LoginPageFunctionalityTest.java:43)- verify signIn functinality testcase
 INFO [main] (LoginPageFunctionalityTest.java:47)- Sign in functinality verified 
]]></system-out>
    <system-err><![CDATA[Starting ChromeDriver 91.0.4472.19 (1bf021f248676a0b2ab3ee0561d83a59e424c23e-refs/branch-heads/4472@{#288}) on port 46992
Only local connections are allowed.
Please see https://chromedriver.chromium.org/security-considerations for suggestions on keeping ChromeDriver safe.
ChromeDriver was started successfully.
Jun 19, 2021 1:21:47 PM org.openqa.selenium.remote.ProtocolHandshake createSession
INFO: Detected dialect: W3C
]]></system-err>
  </testcase>
</testsuite>