<?xml version="1.0" encoding="UTF-8"?>
<!-- Generated by org.testng.reporters.JUnitXMLReporter -->
<testsuite hostname="LAPTOP-MOTMPJ0P" ignored="0" name="Test" tests="3" failures="0" timestamp="21 Jun 2021 16:16:50 GMT" time="81.32" errors="0">
  <testcase name="homePageTitlle" time="0.267" classname="com.amazon.qa.testcases.LoginPageFunctionalityTest"/>
  <testcase name="verifySignIn" time="9.819" classname="com.amazon.qa.testcases.LoginPageFunctionalityTest"/>
  <testcase name="selectItem" time="24.774" classname="com.amazon.qa.testcases.LoginPageFunctionalityTest"/>
</testsuite> <!-- Test -->
