<?xml version="1.0" encoding="UTF-8"?>
<!-- Generated by org.testng.reporters.JUnitXMLReporter -->
<testsuite hostname="LAPTOP-MOTMPJ0P" ignored="0" name="Default test" tests="2" failures="0" timestamp="19 Jun 2021 07:50:39 GMT" time="30.444" errors="0">
  <testcase name="homePageTitlle" time="0.037" classname="com.amazon.qa.testcases.LoginPageFunctionalityTest"/>
  <testcase name="verifySignIn" time="5.968" classname="com.amazon.qa.testcases.LoginPageFunctionalityTest"/>
</testsuite> <!-- Default test -->
