<?xml version="1.0" encoding="UTF-8"?>
<!-- Generated by org.testng.reporters.JUnitXMLReporter -->
<testsuite hostname="LAPTOP-MOTMPJ0P" ignored="0" name="Default test" tests="3" failures="0" timestamp="22 Jun 2021 04:32:55 GMT" time="51.836" errors="0">
  <testcase name="homePageTitlle" time="0.09" classname="com.amazon.qa.testcases.LoginPageFunctionalityTest"/>
  <testcase name="verifySignIn" time="5.661" classname="com.amazon.qa.testcases.LoginPageFunctionalityTest"/>
  <testcase name="selectItem" time="14.845" classname="com.amazon.qa.testcases.LoginPageFunctionalityTest"/>
</testsuite> <!-- Default test -->
